<?xml version="1.0" encoding="UTF-8"?>
<robot generator="Robot 3.2.1 (Python 3.8.3 on win32)" generated="20200628 14:59:50.906" rpa="false">
<suite id="s1" name="Title" source="C:\Projetos QA\SuiteSiteTestePractice\automationpractice\tests\title.robot">
<test id="s1-t1" name="Deve validar o titulo">
<kw name="Nova sessão" library="base" type="setup">
<kw name="Open Browser" library="SeleniumLibrary">
<doc>Opens a new browser instance to the optional ``url``.</doc>
<arguments>
<arg>${url}</arg>
<arg>chrome</arg>
</arguments>
<msg timestamp="20200628 14:59:52.103" level="INFO">Opening browser 'chrome' to base url 'http://automationpractice.com/index.php'.</msg>
<status status="PASS" starttime="20200628 14:59:52.103" endtime="20200628 15:00:03.510"></status>
</kw>
<status status="PASS" starttime="20200628 14:59:52.103" endtime="20200628 15:00:03.510"></status>
</kw>
<kw name="Title Should Be" library="SeleniumLibrary">
<doc>Verifies that the current page title equals ``title``.</doc>
<arguments>
<arg>My Store</arg>
</arguments>
<msg timestamp="20200628 15:00:03.653" level="INFO">Page title is 'My Store'.</msg>
<status status="PASS" starttime="20200628 15:00:03.516" endtime="20200628 15:00:03.654"></status>
</kw>
<kw name="Encerra sessão" library="base" type="teardown">
<kw name="Capture Page Screenshot" library="SeleniumLibrary">
<doc>Takes a screenshot of the current page and embeds it into a log file.</doc>
<msg timestamp="20200628 15:00:04.539" level="INFO" html="yes">&lt;/td&gt;&lt;/tr&gt;&lt;tr&gt;&lt;td colspan="3"&gt;&lt;a href="selenium-screenshot-8.png"&gt;&lt;img src="selenium-screenshot-8.png" width="800px"&gt;&lt;/a&gt;</msg>
<status status="PASS" starttime="20200628 15:00:03.658" endtime="20200628 15:00:04.540"></status>
</kw>
<kw name="Close Browser" library="SeleniumLibrary">
<doc>Closes the current browser.</doc>
<status status="PASS" starttime="20200628 15:00:04.540" endtime="20200628 15:00:07.276"></status>
</kw>
<status status="PASS" starttime="20200628 15:00:03.655" endtime="20200628 15:00:07.277"></status>
</kw>
<status status="PASS" starttime="20200628 14:59:52.099" endtime="20200628 15:00:07.279" critical="yes"></status>
</test>
<status status="PASS" starttime="20200628 14:59:50.909" endtime="20200628 15:00:07.350"></status>
</suite>
<statistics>
<total>
<stat pass="1" fail="0">Critical Tests</stat>
<stat pass="1" fail="0">All Tests</stat>
</total>
<tag>
</tag>
<suite>
<stat pass="1" fail="0" id="s1" name="Title">Title</stat>
</suite>
</statistics>
<errors>
</errors>
</robot>
